2014-12-22 14:14:04 Error: [MissingActionException] Action HomeController::test() could not be found.
Exception Attributes: array (
  'controller' => 'HomeController',
  'action' => 'test',
)
Request URL: /schedule/home/test
Stack Trace:
#0 C:\APM_Setup\htdocs\schedule\lib\Cake\Routing\Dispatcher.php(191): Controller->invokeAction(Object(CakeRequest))
#1 C:\APM_Setup\htdocs\schedule\lib\Cake\Routing\Dispatcher.php(165): Dispatcher->_invoke(Object(HomeController), Object(CakeRequest))
#2 C:\APM_Setup\htdocs\schedule\app\webroot\index.php(108): Dispatcher->dispatch(Object(CakeRequest), Object(CakeResponse))
#3 {main}
2014-12-22 14:14:19 Error: [MissingActionException] Action HomeController::test() could not be found.
Exception Attributes: array (
  'controller' => 'HomeController',
  'action' => 'test',
)
Request URL: /schedule/home/test
Stack Trace:
#0 C:\APM_Setup\htdocs\schedule\lib\Cake\Routing\Dispatcher.php(191): Controller->invokeAction(Object(CakeRequest))
#1 C:\APM_Setup\htdocs\schedule\lib\Cake\Routing\Dispatcher.php(165): Dispatcher->_invoke(Object(HomeController), Object(CakeRequest))
#2 C:\APM_Setup\htdocs\schedule\app\webroot\index.php(108): Dispatcher->dispatch(Object(CakeRequest), Object(CakeResponse))
#3 {main}
2014-12-22 14:14:23 Error: [MissingActionException] Action HomeController::test() could not be found.
Exception Attributes: array (
  'controller' => 'HomeController',
  'action' => 'test',
)
Request URL: /schedule/home/test
Stack Trace:
#0 C:\APM_Setup\htdocs\schedule\lib\Cake\Routing\Dispatcher.php(191): Controller->invokeAction(Object(CakeRequest))
#1 C:\APM_Setup\htdocs\schedule\lib\Cake\Routing\Dispatcher.php(165): Dispatcher->_invoke(Object(HomeController), Object(CakeRequest))
#2 C:\APM_Setup\htdocs\schedule\app\webroot\index.php(108): Dispatcher->dispatch(Object(CakeRequest), Object(CakeResponse))
#3 {main}
2014-12-22 15:38:09 Error: [MissingControllerException] Controller class JsController could not be found.
Exception Attributes: array (
  'class' => 'JsController',
  'plugin' => NULL,
)
Request URL: /schedule/js/home/test.js
Stack Trace:
#0 C:\APM_Setup\htdocs\schedule\app\webroot\index.php(108): Dispatcher->dispatch(Object(CakeRequest), Object(CakeResponse))
#1 {main}
2014-12-22 15:38:09 Error: [MissingControllerException] Controller class CssController could not be found.
Exception Attributes: array (
  'class' => 'CssController',
  'plugin' => NULL,
)
Request URL: /schedule/css/home/test.css
Stack Trace:
#0 C:\APM_Setup\htdocs\schedule\app\webroot\index.php(108): Dispatcher->dispatch(Object(CakeRequest), Object(CakeResponse))
#1 {main}
2014-12-22 15:38:13 Error: [MissingControllerException] Controller class CssController could not be found.
Exception Attributes: array (
  'class' => 'CssController',
  'plugin' => NULL,
)
Request URL: /schedule/css/home/test.css
Stack Trace:
#0 C:\APM_Setup\htdocs\schedule\app\webroot\index.php(108): Dispatcher->dispatch(Object(CakeRequest), Object(CakeResponse))
#1 {main}
2014-12-22 15:38:49 Error: [MissingControllerException] Controller class CssController could not be found.
Exception Attributes: array (
  'class' => 'CssController',
  'plugin' => NULL,
)
Request URL: /schedule/css/home/test.css
Stack Trace:
#0 C:\APM_Setup\htdocs\schedule\app\webroot\index.php(108): Dispatcher->dispatch(Object(CakeRequest), Object(CakeResponse))
#1 {main}
2014-12-22 15:38:49 Error: [MissingControllerException] Controller class JsController could not be found.
Exception Attributes: array (
  'class' => 'JsController',
  'plugin' => NULL,
)
Request URL: /schedule/js/home/test.js
Stack Trace:
#0 C:\APM_Setup\htdocs\schedule\app\webroot\index.php(108): Dispatcher->dispatch(Object(CakeRequest), Object(CakeResponse))
#1 {main}
2014-12-22 15:38:55 Error: [MissingControllerException] Controller class CssController could not be found.
Exception Attributes: array (
  'class' => 'CssController',
  'plugin' => NULL,
)
Request URL: /schedule/css/home/test.css
Stack Trace:
#0 C:\APM_Setup\htdocs\schedule\app\webroot\index.php(108): Dispatcher->dispatch(Object(CakeRequest), Object(CakeResponse))
#1 {main}
2014-12-22 15:38:55 Error: [MissingControllerException] Controller class JsController could not be found.
Exception Attributes: array (
  'class' => 'JsController',
  'plugin' => NULL,
)
Request URL: /schedule/js/home/test.js
Stack Trace:
#0 C:\APM_Setup\htdocs\schedule\app\webroot\index.php(108): Dispatcher->dispatch(Object(CakeRequest), Object(CakeResponse))
#1 {main}
2014-12-22 15:40:06 Error: [MissingControllerException] Controller class JsController could not be found.
Exception Attributes: array (
  'class' => 'JsController',
  'plugin' => NULL,
)
Request URL: /schedule/js/home/test.js
Stack Trace:
#0 C:\APM_Setup\htdocs\schedule\app\webroot\index.php(108): Dispatcher->dispatch(Object(CakeRequest), Object(CakeResponse))
#1 {main}
2014-12-22 15:40:06 Error: [MissingControllerException] Controller class CssController could not be found.
Exception Attributes: array (
  'class' => 'CssController',
  'plugin' => NULL,
)
Request URL: /schedule/css/home/test.css
Stack Trace:
#0 C:\APM_Setup\htdocs\schedule\app\webroot\index.php(108): Dispatcher->dispatch(Object(CakeRequest), Object(CakeResponse))
#1 {main}
2014-12-22 15:40:07 Error: [MissingControllerException] Controller class CssController could not be found.
Exception Attributes: array (
  'class' => 'CssController',
  'plugin' => NULL,
)
Request URL: /schedule/css/home/test.css
Stack Trace:
#0 C:\APM_Setup\htdocs\schedule\app\webroot\index.php(108): Dispatcher->dispatch(Object(CakeRequest), Object(CakeResponse))
#1 {main}
2014-12-22 15:40:07 Error: [MissingControllerException] Controller class JsController could not be found.
Exception Attributes: array (
  'class' => 'JsController',
  'plugin' => NULL,
)
Request URL: /schedule/js/home/test.js
Stack Trace:
#0 C:\APM_Setup\htdocs\schedule\app\webroot\index.php(108): Dispatcher->dispatch(Object(CakeRequest), Object(CakeResponse))
#1 {main}
2014-12-22 15:40:11 Error: [MissingControllerException] Controller class CssController could not be found.
Exception Attributes: array (
  'class' => 'CssController',
  'plugin' => NULL,
)
Request URL: /schedule/css/users/add.css
Stack Trace:
#0 C:\APM_Setup\htdocs\schedule\app\webroot\index.php(108): Dispatcher->dispatch(Object(CakeRequest), Object(CakeResponse))
#1 {main}
2014-12-22 15:40:11 Error: [MissingControllerException] Controller class JsController could not be found.
Exception Attributes: array (
  'class' => 'JsController',
  'plugin' => NULL,
)
Request URL: /schedule/js/users/add.js
Stack Trace:
#0 C:\APM_Setup\htdocs\schedule\app\webroot\index.php(108): Dispatcher->dispatch(Object(CakeRequest), Object(CakeResponse))
#1 {main}
2014-12-22 15:40:13 Error: [MissingControllerException] Controller class CssController could not be found.
Exception Attributes: array (
  'class' => 'CssController',
  'plugin' => NULL,
)
Request URL: /schedule/css/users/add.css
Stack Trace:
#0 C:\APM_Setup\htdocs\schedule\app\webroot\index.php(108): Dispatcher->dispatch(Object(CakeRequest), Object(CakeResponse))
#1 {main}
2014-12-22 15:40:14 Error: [MissingControllerException] Controller class JsController could not be found.
Exception Attributes: array (
  'class' => 'JsController',
  'plugin' => NULL,
)
Request URL: /schedule/js/users/add.js
Stack Trace:
#0 C:\APM_Setup\htdocs\schedule\app\webroot\index.php(108): Dispatcher->dispatch(Object(CakeRequest), Object(CakeResponse))
#1 {main}
2014-12-22 15:48:49 Error: [MissingControllerException] Controller class CssController could not be found.
Exception Attributes: array (
  'class' => 'CssController',
  'plugin' => NULL,
)
Request URL: /schedule/css/home/test.css
Stack Trace:
#0 C:\APM_Setup\htdocs\schedule\app\webroot\index.php(108): Dispatcher->dispatch(Object(CakeRequest), Object(CakeResponse))
#1 {main}
2014-12-22 15:48:49 Error: [MissingControllerException] Controller class JsController could not be found.
Exception Attributes: array (
  'class' => 'JsController',
  'plugin' => NULL,
)
Request URL: /schedule/js/home/test.js
Stack Trace:
#0 C:\APM_Setup\htdocs\schedule\app\webroot\index.php(108): Dispatcher->dispatch(Object(CakeRequest), Object(CakeResponse))
#1 {main}
